<?xml version="1.0" encoding="UTF-8"?>
<!-- Generated by org.testng.reporters.JUnitReportReporter -->
<testsuite hostname="DESKTOP-3JIP3OF" name="com.pf.testscripts.TestSuite" tests="1" failures="0" timestamp="16 May 2018 11:57:45 GMT" time="9.668" errors="0">
  <testcase name="Searchtwobedrooms" time="9.668" classname="com.pf.testscripts.TestSuite"/>
</testsuite> <!-- com.pf.testscripts.TestSuite -->
